<?xml version="1.0" encoding="UTF-8"?>
<testng-results skipped="0" failed="0" ignored="0" total="1" passed="1">
  <reporter-output>
  </reporter-output>
  <suite name="Default suite" duration-ms="4835" started-at="2020-12-14T12:36:41 GMT" finished-at="2020-12-14T12:36:46 GMT">
    <groups>
      <group name="cucumber">
        <method signature="TestRunner.feature(cucumber.api.testng.CucumberFeatureWrapper)[pri:0, instance:com.purgomalum.runner.TestRunner@131276c2]" name="feature" class="com.purgomalum.runner.TestRunner"/>
      </group> <!-- cucumber -->
    </groups>
    <test name="Default test" duration-ms="4835" started-at="2020-12-14T12:36:41 GMT" finished-at="2020-12-14T12:36:46 GMT">
      <class name="com.purgomalum.runner.TestRunner">
        <test-method status="PASS" signature="setUpClass()[pri:0, instance:com.purgomalum.runner.TestRunner@131276c2]" name="setUpClass" is-config="true" duration-ms="155" started-at="2020-12-14T12:36:41 GMT" finished-at="2020-12-14T12:36:41 GMT">
          <reporter-output>
          </reporter-output>
        </test-method> <!-- setUpClass -->
        <test-method status="PASS" signature="feature(cucumber.api.testng.CucumberFeatureWrapper)[pri:0, instance:com.purgomalum.runner.TestRunner@131276c2]" name="feature" duration-ms="4548" started-at="2020-12-14T12:36:41 GMT" description="Runs Cucumber Feature" data-provider="features" finished-at="2020-12-14T12:36:46 GMT">
          <params>
            <param index="0">
              <value>
                <![CDATA[PurgoMalum]]>
              </value>
            </param>
          </params>
          <reporter-output>
          </reporter-output>
        </test-method> <!-- feature -->
        <test-method status="PASS" signature="tearDownClass()[pri:0, instance:com.purgomalum.runner.TestRunner@131276c2]" name="tearDownClass" is-config="true" duration-ms="10" started-at="2020-12-14T12:36:46 GMT" finished-at="2020-12-14T12:36:46 GMT">
          <reporter-output>
          </reporter-output>
        </test-method> <!-- tearDownClass -->
      </class> <!-- com.purgomalum.runner.TestRunner -->
    </test> <!-- Default test -->
  </suite> <!-- Default suite -->
</testng-results>
